Traceback (most recent call last):
  File "/Users/golo.dusanka/miniconda3/envs/echem/lib/python3.12/site-packages/jupyter_core/utils/__init__.py", line 154, in wrapped
    asyncio.get_running_loop()
RuntimeError: no running event loop

During handling of the above exception, another exception occurred:

Traceback (most recent call last):
  File "/Users/golo.dusanka/miniconda3/envs/echem/lib/python3.12/site-packages/jupyter_cache/executors/utils.py", line 58, in single_nb_execution
    executenb(
  File "/Users/golo.dusanka/miniconda3/envs/echem/lib/python3.12/site-packages/nbclient/client.py", line 1319, in execute
    return NotebookClient(nb=nb, resources=resources, km=km, **kwargs).execute()
           ^^^^^^^^^^^^^^^^^^^^^^^^^^^^^^^^^^^^^^^^^^^^^^^^^^^^^^^^^^^^^^^^^^^^^
  File "/Users/golo.dusanka/miniconda3/envs/echem/lib/python3.12/site-packages/jupyter_core/utils/__init__.py", line 158, in wrapped
    return loop.run_until_complete(inner)
           ^^^^^^^^^^^^^^^^^^^^^^^^^^^^^^
  File "/Users/golo.dusanka/miniconda3/envs/echem/lib/python3.12/asyncio/base_events.py", line 685, in run_until_complete
    return future.result()
           ^^^^^^^^^^^^^^^
  File "/Users/golo.dusanka/miniconda3/envs/echem/lib/python3.12/site-packages/nbclient/client.py", line 709, in async_execute
    await self.async_execute_cell(
  File "/Users/golo.dusanka/miniconda3/envs/echem/lib/python3.12/site-packages/nbclient/client.py", line 1062, in async_execute_cell
    await self._check_raise_for_error(cell, cell_index, exec_reply)
  File "/Users/golo.dusanka/miniconda3/envs/echem/lib/python3.12/site-packages/nbclient/client.py", line 918, in _check_raise_for_error
    raise CellExecutionError.from_cell_and_msg(cell, exec_reply_content)
nbclient.exceptions.CellExecutionError: An error occurred while executing the following cell:
------------------
resp_drv = vlx.RespChargesDriver()

resp_drv.update_settings({"equal_charges": "1 = 3, 1 = 4"})

resp_charges = resp_drv.compute(molecule, basis, scf_results)
------------------


[31m---------------------------------------------------------------------------[39m
[31mAssertionError[39m                            Traceback (most recent call last)
[36mCell[39m[36m [39m[32mIn[5][39m[32m, line 5[39m
[32m      1[39m resp_drv = vlx.RespChargesDriver()
[32m      3[39m resp_drv.update_settings({[33m"[39m[33mequal_charges[39m[33m"[39m: [33m"[39m[33m1 = 3, 1 = 4[39m[33m"[39m})
[32m----> [39m[32m5[39m resp_charges = [43mresp_drv[49m[43m.[49m[43mcompute[49m[43m([49m[43mmolecule[49m[43m,[49m[43m [49m[43mbasis[49m[43m,[49m[43m [49m[43mscf_results[49m[43m)[49m

[36mFile [39m[32m~/miniconda3/envs/echem/lib/python3.12/site-packages/veloxchem/respchargesdriver.py:235[39m, in [36mRespChargesDriver.compute[39m[34m(self, molecule, basis, *args)[39m
[32m    232[39m     [38;5;28;01mreturn[39;00m [38;5;28mself[39m.compute_weighted_charges(molecule, basis, chg_type)
[32m    234[39m [38;5;66;03m# we expect scf_results and chg_type in addition to molecule and basis[39;00m
[32m--> [39m[32m235[39m [43massert_msg_critical[49m[43m([49m
[32m    236[39m [43m    [49m[38;5;28;43mlen[39;49m[43m([49m[43margs[49m[43m)[49m[43m [49m[43m==[49m[43m [49m[32;43m2[39;49m[43m,[49m
[32m    237[39m [43m    [49m[33;43m'[39;49m[33;43mRespChargesDriver.compute: Expecting scf_results and chg_type[39;49m[33;43m'[39;49m[43m)[49m
[32m    238[39m scf_results, chg_type = args
[32m    240[39m [38;5;66;03m# sanity check for equal_charges[39;00m

[36mFile [39m[32m~/miniconda3/envs/echem/lib/python3.12/site-packages/veloxchem/errorhandler.py:50[39m, in [36massert_msg_critical[39m[34m(condition, msg)[39m
[32m     40[39m [38;5;250m[39m[33;03m"""[39;00m
[32m     41[39m [33;03mAsserts that the condition is true. Otherwise terminates the program with[39;00m
[32m     42[39m [33;03man error message.[39;00m
[32m   (...)[39m[32m     47[39m [33;03m    The error message.[39;00m
[32m     48[39m [33;03m"""[39;00m
[32m     49[39m [38;5;28;01mif[39;00m __debug__ [38;5;129;01mand[39;00m MPI.COMM_WORLD.Get_size() == [32m1[39m:
[32m---> [39m[32m50[39m     [38;5;28;01massert[39;00m condition, msg
[32m     51[39m [38;5;28;01melse[39;00m:
[32m     52[39m     [38;5;28;01mif[39;00m [38;5;129;01mnot[39;00m condition:

[31mAssertionError[39m: RespChargesDriver.compute: Expecting scf_results and chg_type

