Traceback (most recent call last):
  File "/Users/golo.dusanka/miniconda3/envs/echem/lib/python3.12/site-packages/jupyter_core/utils/__init__.py", line 154, in wrapped
    asyncio.get_running_loop()
RuntimeError: no running event loop

During handling of the above exception, another exception occurred:

Traceback (most recent call last):
  File "/Users/golo.dusanka/miniconda3/envs/echem/lib/python3.12/site-packages/jupyter_cache/executors/utils.py", line 58, in single_nb_execution
    executenb(
  File "/Users/golo.dusanka/miniconda3/envs/echem/lib/python3.12/site-packages/nbclient/client.py", line 1319, in execute
    return NotebookClient(nb=nb, resources=resources, km=km, **kwargs).execute()
           ^^^^^^^^^^^^^^^^^^^^^^^^^^^^^^^^^^^^^^^^^^^^^^^^^^^^^^^^^^^^^^^^^^^^^
  File "/Users/golo.dusanka/miniconda3/envs/echem/lib/python3.12/site-packages/jupyter_core/utils/__init__.py", line 158, in wrapped
    return loop.run_until_complete(inner)
           ^^^^^^^^^^^^^^^^^^^^^^^^^^^^^^
  File "/Users/golo.dusanka/miniconda3/envs/echem/lib/python3.12/asyncio/base_events.py", line 685, in run_until_complete
    return future.result()
           ^^^^^^^^^^^^^^^
  File "/Users/golo.dusanka/miniconda3/envs/echem/lib/python3.12/site-packages/nbclient/client.py", line 709, in async_execute
    await self.async_execute_cell(
  File "/Users/golo.dusanka/miniconda3/envs/echem/lib/python3.12/site-packages/nbclient/client.py", line 1062, in async_execute_cell
    await self._check_raise_for_error(cell, cell_index, exec_reply)
  File "/Users/golo.dusanka/miniconda3/envs/echem/lib/python3.12/site-packages/nbclient/client.py", line 918, in _check_raise_for_error
    raise CellExecutionError.from_cell_and_msg(cell, exec_reply_content)
nbclient.exceptions.CellExecutionError: An error occurred while executing the following cell:
------------------
esp_drv = vlx.EspChargesDriver()

esp_drv.grid_type = "chelpg"

esp_drv.equal_charges = "1=3, 1=4"

chelpg_charges = esp_drv.compute(molecule, basis, scf_results)
------------------


[31m---------------------------------------------------------------------------[39m
[31mAttributeError[39m                            Traceback (most recent call last)
[36mCell[39m[36m [39m[32mIn[5][39m[32m, line 1[39m
[32m----> [39m[32m1[39m esp_drv = [43mvlx[49m[43m.[49m[43mEspChargesDriver[49m()
[32m      3[39m esp_drv.grid_type = [33m"[39m[33mchelpg[39m[33m"[39m
[32m      5[39m esp_drv.equal_charges = [33m"[39m[33m1=3, 1=4[39m[33m"[39m

[31mAttributeError[39m: module 'veloxchem' has no attribute 'EspChargesDriver'

